<?xml version="1.0" encoding="UTF-8"?>
<testsuite xmlns:xsi="http://www.w3.org/2001/XMLSchema-instance" xsi:noNamespaceSchemaLocation="https://maven.apache.org/surefire/maven-surefire-plugin/xsd/surefire-test-report.xsd" name="PrimeNumberFinderTest" time="0.03" tests="21" errors="0" skipped="0" failures="0">
  <properties>
[...]
</properties>
  <testcase name="testFindPrimes_fault2" classname="PrimeNumberFinderTest" time="0.01"/>
  <testcase name="sumofP1" classname="PrimeNumberFinderTest" time="0"/>
  <testcase name="sumofP2" classname="PrimeNumberFinderTest" time="0"/>
  <testcase name="testIsPrime_fault1" classname="PrimeNumberFinderTest" time="0"/>
  <testcase name="testIsPrime10" classname="PrimeNumberFinderTest" time="0"/>
  <testcase name="testIsPrime11" classname="PrimeNumberFinderTest" time="0"/>
  <testcase name="testFindPrimes1" classname="PrimeNumberFinderTest" time="0"/>
  <testcase name="testComputeSum_Exception" classname="PrimeNumberFinderTest" time="0"/>
  <testcase name="instantiateClass" classname="PrimeNumberFinderTest" time="0"/>
  <testcase name="testIsPrime_PassesLoop" classname="PrimeNumberFinderTest" time="0"/>
  <testcase name="testIsPrime1" classname="PrimeNumberFinderTest" time="0"/>
  <testcase name="testIsPrime2" classname="PrimeNumberFinderTest" time="0"/>
  <testcase name="testIsPrime3" classname="PrimeNumberFinderTest" time="0"/>
  <testcase name="testIsPrime4" classname="PrimeNumberFinderTest" time="0"/>
  <testcase name="testIsPrime5" classname="PrimeNumberFinderTest" time="0"/>
  <testcase name="testIsPrime6" classname="PrimeNumberFinderTest" time="0.001"/>
  <testcase name="testIsPrime7" classname="PrimeNumberFinderTest" time="0"/>
  <testcase name="testIsPrime8" classname="PrimeNumberFinderTest" time="0"/>
  <testcase name="testIsPrime9" classname="PrimeNumberFinderTest" time="0"/>
  <testcase name="testIsPrime_LoopCondition1" classname="PrimeNumberFinderTest" time="0"/>
  <testcase name="testIsPrime_LoopCondition2" classname="PrimeNumberFinderTest" time="0"/>
</testsuite>